<?xml version="1.0" encoding="UTF-8"?>
<!-- Generated by org.testng.reporters.JUnitXMLReporter -->
<testsuite hostname="b12a9d674eb2" ignored="0" name="Test" tests="2" failures="1" timestamp="09 Oct 2018 16:56:40 GMT" time="62.449" errors="0">
  <testcase name="test" time="61.44" classname="com.sample.VNCTest"/>
  <testcase name="lunchapp" time="0.889" classname="com.sample.LunchBrowser">
    <failure type="org.openqa.selenium.WebDriverException" message="org.apache.http.conn.HttpHostConnectException: Connect to 127.0.0.1:4723 [/127.0.0.1] failed: Connection refused (Connection refused)
Build info: version: &amp;apos;3.14.0&amp;apos;, revision: &amp;apos;aacccce0&amp;apos;, time: &amp;apos;2018-08-02T20:19:58.91Z&amp;apos;
System info: host: &amp;apos;b12a9d674eb2&amp;apos;, ip: &amp;apos;172.18.0.3&amp;apos;, os.name: &amp;apos;Linux&amp;apos;, os.arch: &amp;apos;amd64&amp;apos;, os.version: &amp;apos;4.15.0-29-generic&amp;apos;, java.version: &amp;apos;1.8.0_181&amp;apos;
Driver info: driver.version: AndroidDriver">
      <![CDATA[org.openqa.selenium.WebDriverException: org.apache.http.conn.HttpHostConnectException: Connect to 127.0.0.1:4723 [/127.0.0.1] failed: Connection refused (Connection refused)Build info: version: '3.14.0', revision: 'aacccce0', time: '2018-08-02T20:19:58.91Z'System info: host: 'b12a9d674eb2', ip: '172.18.0.3', os.name: 'Linux', os.arch: 'amd64', os.version: '4.15.0-29-generic', java.version: '1.8.0_181'Driver info: driver.version: AndroidDriverat io.appium.java_client.remote.AppiumCommandExecutor.execute(AppiumCommandExecutor.java:84)at org.openqa.selenium.remote.RemoteWebDriver.execute(RemoteWebDriver.java:548)at io.appium.java_client.DefaultGenericMobileDriver.execute(DefaultGenericMobileDriver.java:40)at io.appium.java_client.AppiumDriver.execute(AppiumDriver.java:1)at io.appium.java_client.android.AndroidDriver.execute(AndroidDriver.java:1)at org.openqa.selenium.remote.RemoteWebDriver.startSession(RemoteWebDriver.java:212)at org.openqa.selenium.remote.RemoteWebDriver.<init>(RemoteWebDriver.java:130)at io.appium.java_client.DefaultGenericMobileDriver.<init>(DefaultGenericMobileDriver.java:36)at io.appium.java_client.AppiumDriver.<init>(AppiumDriver.java:114)at io.appium.java_client.AppiumDriver.<init>(AppiumDriver.java:132)at io.appium.java_client.android.AndroidDriver.<init>(AndroidDriver.java:92)at com.sample.LunchBrowser.lunchapp(LunchBrowser.java:23)Caused by: org.apache.http.conn.HttpHostConnectException: Connect to 127.0.0.1:4723 [/127.0.0.1] failed: Connection refused (Connection refused)at org.apache.http.impl.conn.DefaultHttpClientConnectionOperator.connect(DefaultHttpClientConnectionOperator.java:159)at org.apache.http.impl.conn.PoolingHttpClientConnectionManager.connect(PoolingHttpClientConnectionManager.java:359)at org.apache.http.impl.execchain.MainClientExec.establishRoute(MainClientExec.java:381)at org.apache.http.impl.execchain.MainClientExec.execute(MainClientExec.java:237)at org.apache.http.impl.execchain.ProtocolExec.execute(ProtocolExec.java:185)at org.apache.http.impl.execchain.RetryExec.execute(RetryExec.java:89)at org.apache.http.impl.execchain.RedirectExec.execute(RedirectExec.java:111)at org.apache.http.impl.client.InternalHttpClient.doExecute(InternalHttpClient.java:185)at org.apache.http.impl.client.CloseableHttpClient.execute(CloseableHttpClient.java:72)at org.apache.http.impl.client.CloseableHttpClient.execute(CloseableHttpClient.java:56)at org.openqa.selenium.remote.internal.ApacheHttpClient.fallBackExecute(ApacheHttpClient.java:155)at org.openqa.selenium.remote.internal.ApacheHttpClient.execute(ApacheHttpClient.java:97)at org.openqa.selenium.remote.ProtocolHandshake.createSession(ProtocolHandshake.java:101)at org.openqa.selenium.remote.ProtocolHandshake.createSession(ProtocolHandshake.java:73)at org.openqa.selenium.remote.HttpCommandExecutor.execute(HttpCommandExecutor.java:136)at io.appium.java_client.remote.AppiumCommandExecutor.execute(AppiumCommandExecutor.java:69)... 39 moreCaused by: java.net.ConnectException: Connection refused (Connection refused)at java.net.PlainSocketImpl.socketConnect(Native Method)at java.net.AbstractPlainSocketImpl.doConnect(AbstractPlainSocketImpl.java:350)at java.net.AbstractPlainSocketImpl.connectToAddress(AbstractPlainSocketImpl.java:206)at java.net.AbstractPlainSocketImpl.connect(AbstractPlainSocketImpl.java:188)at java.net.SocksSocketImpl.connect(SocksSocketImpl.java:392)at java.net.Socket.connect(Socket.java:589)at org.apache.http.conn.socket.PlainConnectionSocketFactory.connectSocket(PlainConnectionSocketFactory.java:75)at org.apache.http.impl.conn.DefaultHttpClientConnectionOperator.connect(DefaultHttpClientConnectionOperator.java:142)... 54 more... Removed 28 stack frames]]>
    </failure>
  </testcase> <!-- lunchapp -->
</testsuite> <!-- Test -->
