-------------------------------------------------------------------------------
Test set: TestSuite
-------------------------------------------------------------------------------
Tests run: 2, Failures: 1, Errors: 0, Skipped: 0, Time elapsed: 63.274 sec <<< FAILURE! - in TestSuite
lunchapp(com.sample.LunchBrowser)  Time elapsed: 0.787 sec  <<< FAILURE!
org.openqa.selenium.WebDriverException: 
org.apache.http.conn.HttpHostConnectException: Connect to 127.0.0.1:4723 [/127.0.0.1] failed: Connection refused (Connection refused)
Build info: version: '3.14.0', revision: 'aacccce0', time: '2018-08-02T20:19:58.91Z'
System info: host: 'b12a9d674eb2', ip: '172.18.0.3', os.name: 'Linux', os.arch: 'amd64', os.version: '4.15.0-29-generic', java.version: '1.8.0_181'
Driver info: driver.version: AndroidDriver
	at com.sample.LunchBrowser.lunchapp(LunchBrowser.java:23)
Caused by: org.apache.http.conn.HttpHostConnectException: Connect to 127.0.0.1:4723 [/127.0.0.1] failed: Connection refused (Connection refused)
	at com.sample.LunchBrowser.lunchapp(LunchBrowser.java:23)
Caused by: java.net.ConnectException: Connection refused (Connection refused)
	at com.sample.LunchBrowser.lunchapp(LunchBrowser.java:23)

