<?xml version="1.0" encoding="UTF-8"?>
<testng-results skipped="0" failed="0" ignored="0" total="1" passed="1">
  <reporter-output>
  </reporter-output>
  <suite name="Default suite" duration-ms="54091" started-at="2018-10-08T10:34:09Z" finished-at="2018-10-08T10:35:03Z">
    <groups>
    </groups>
    <test name="Default test" duration-ms="54091" started-at="2018-10-08T10:34:09Z" finished-at="2018-10-08T10:35:03Z">
      <class name="com.sample.LunchBrowser">
        <test-method status="PASS" signature="lunchapp()[pri:0, instance:com.sample.LunchBrowser@42d80b78]" name="lunchapp" duration-ms="54037" started-at="2018-10-08T16:04:09Z" finished-at="2018-10-08T16:05:03Z">
          <reporter-output>
          </reporter-output>
        </test-method> <!-- lunchapp -->
      </class> <!-- com.sample.LunchBrowser -->
    </test> <!-- Default test -->
  </suite> <!-- Default suite -->
</testng-results>
